2025-08-04 19:55:38,708 - __main__ - INFO - ============================================================
2025-08-04 19:55:38,709 - __main__ - INFO - Holly AI to IBKR Bridge Starting
2025-08-04 19:55:38,709 - __main__ - INFO - Version: 2.0.0
2025-08-04 19:55:38,709 - __main__ - INFO - Timezone: Asia/Kolkata
2025-08-04 19:55:38,709 - __main__ - INFO - ============================================================
2025-08-04 19:55:38,968 - src.core.state_manager - INFO - No previous state found, starting fresh
2025-08-04 19:55:38,968 - src.core.trading_engine - INFO - Connecting to IBKR...
2025-08-04 19:55:39,415 - src.core.ibkr_connector - INFO - Connected to IBKR TWS on 127.0.0.1:7497
2025-08-04 19:55:39,415 - src.core.trading_engine - INFO - Connected to IBKR successfully
2025-08-04 19:55:40,013 - src.core.trading_engine - INFO - Account value: $100,000.00
2025-08-04 19:55:40,013 - src.core.risk_manager - INFO - Risk Manager initialized: 3.0% positions, max 3 concurrent, 30 daily
2025-08-04 19:55:40,013 - src.core.trading_engine - INFO - Syncing positions with IBKR...
2025-08-04 19:55:42,030 - src.utils.csv_parser - INFO - Switching to new file: data/alerts/alertlogging.Breaking out on Volume.20250804.csv
2025-08-04 19:55:42,031 - src.core.trading_engine - INFO - Time exit monitor started
2025-08-04 19:55:42,031 - src.utils.csv_parser - WARNING - CSV file not found: data/alerts/alertlogging.Breaking out on Volume.20250804.csv
2025-08-04 19:55:42,032 - src.core.trading_engine - INFO - All monitoring threads started
2025-08-04 19:55:42,032 - src.utils.csv_parser - INFO - Near market open, waiting for CSV file...
2025-08-04 19:55:42,032 - __main__ - INFO - Trading engine started successfully
2025-08-04 19:56:13,992 - __main__ - INFO - Shutdown signal received
2025-08-04 19:56:13,993 - __main__ - INFO - Initiating graceful shutdown...
2025-08-04 19:56:13,993 - src.core.trading_engine - INFO - Stopping trading engine...
2025-08-04 19:56:16,007 - src.core.ibkr_connector - INFO - Disconnected from IBKR
2025-08-04 19:56:26,024 - src.core.trading_engine - INFO - Trading engine stopped
2025-08-04 19:56:26,024 - __main__ - INFO - Shutdown complete
2025-08-04 19:56:26,025 - __main__ - INFO - Engine stopped, shutting down
2025-08-04 19:56:42,019 - __main__ - INFO - ============================================================
2025-08-04 19:56:42,019 - __main__ - INFO - Holly AI to IBKR Bridge Starting
2025-08-04 19:56:42,020 - __main__ - INFO - Version: 2.0.0
2025-08-04 19:56:42,020 - __main__ - INFO - Timezone: Asia/Kolkata
2025-08-04 19:56:42,020 - __main__ - INFO - ============================================================
2025-08-04 19:56:42,180 - src.core.state_manager - INFO - No previous state found, starting fresh
2025-08-04 19:56:42,180 - src.core.trading_engine - INFO - Connecting to IBKR...
2025-08-04 19:56:42,588 - src.core.ibkr_connector - INFO - Connected to IBKR TWS on 127.0.0.1:7497
2025-08-04 19:56:42,588 - src.core.trading_engine - INFO - Connected to IBKR successfully
2025-08-04 19:56:43,171 - src.core.trading_engine - INFO - Account value: $100,000.00
2025-08-04 19:56:43,172 - src.core.risk_manager - INFO - Risk Manager initialized: 3.0% positions, max 3 concurrent, 30 daily
2025-08-04 19:56:43,172 - src.core.trading_engine - INFO - Syncing positions with IBKR...
2025-08-04 19:56:45,178 - src.utils.csv_parser - INFO - Switching to new file: data/alerts/alertlogging.Breaking out on Volume.20250804.csv
2025-08-04 19:56:45,178 - src.core.trading_engine - INFO - Time exit monitor started
2025-08-04 19:56:45,186 - src.core.trading_engine - INFO - All monitoring threads started
2025-08-04 19:56:45,186 - __main__ - INFO - Trading engine started successfully
2025-08-04 19:56:45,202 - src.utils.csv_parser - INFO - Found 1 new alerts from alertlogging.Breaking out on Volume.20250804.csv
2025-08-04 19:56:45,203 - src.core.trading_engine - INFO - Processing alert for AAPL at $214.2
2025-08-04 19:56:45,737 - src.core.risk_manager - INFO - Account value updated: $100,000.00
2025-08-04 19:56:45,737 - src.core.risk_manager - INFO - Position sizing: $3000.00 / $214.20 = 14 shares
2025-08-04 19:56:45,738 - src.core.ibkr_connector - INFO - Created contract for AAPL without qualification
2025-08-04 19:57:10,057 - __main__ - INFO - Shutdown signal received
2025-08-04 19:57:10,057 - __main__ - INFO - Initiating graceful shutdown...
2025-08-04 19:57:10,057 - src.core.trading_engine - INFO - Stopping trading engine...
2025-08-04 19:57:11,062 - src.core.ibkr_connector - INFO - ORDER EVENT: Order 4 status: Submitted, filled: 0.0
2025-08-04 19:57:11,073 - src.core.ibkr_connector - INFO - FILL EVENT: AAPL BOT 14.0 @ $206.28
2025-08-04 19:57:11,074 - src.core.ibkr_connector - INFO - ORDER EVENT: Order 4 status: Filled, filled: 14.0
2025-08-04 19:57:11,077 - src.core.ibkr_connector - INFO - Disconnected from IBKR
2025-08-04 19:57:11,964 - src.core.order_manager - INFO - Order filled! 14.0 shares of AAPL
2025-08-04 19:57:11,964 - src.core.position_tracker - INFO - Position added: AAPL
2025-08-04 19:57:11,964 - src.core.risk_manager - INFO - Position added: AAPL - 14 shares @ $214.20
2025-08-04 19:57:11,964 - src.core.position_tracker - INFO - Exit scheduled for AAPL at 20:07:11
2025-08-04 19:57:11,965 - src.core.trading_engine - INFO - Order placed: AAPL - 14 shares @ $214.20, exit scheduled for 20:07:11
2025-08-04 19:57:11,965 - src.core.trading_engine - INFO - Daily stats - Trades: 1/30, Open: 1/3
2025-08-04 19:57:18,000 - src.core.trading_engine - INFO - Trading engine stopped
2025-08-04 19:57:18,000 - __main__ - INFO - Shutdown complete
2025-08-04 19:57:18,000 - __main__ - INFO - Engine stopped, shutting down
2025-08-04 20:03:03,219 - __main__ - INFO - ============================================================
2025-08-04 20:03:03,219 - __main__ - INFO - Holly AI to IBKR Bridge Starting
2025-08-04 20:03:03,219 - __main__ - INFO - Version: 2.0.0
2025-08-04 20:03:03,219 - __main__ - INFO - Timezone: Asia/Kolkata
2025-08-04 20:03:03,220 - __main__ - INFO - ============================================================
2025-08-04 20:03:03,364 - src.core.state_manager - INFO - No previous state found, starting fresh
2025-08-04 20:03:03,364 - src.core.trading_engine - INFO - Connecting to IBKR...
2025-08-04 20:03:03,775 - src.core.ibkr_connector - INFO - Connected to IBKR TWS on 127.0.0.1:7497
2025-08-04 20:03:03,775 - src.core.trading_engine - INFO - Connected to IBKR successfully
2025-08-04 20:03:04,366 - src.core.trading_engine - INFO - Account value: $99,998.58
2025-08-04 20:03:04,366 - src.core.risk_manager - INFO - Risk Manager initialized: 3.0% positions, max 3 concurrent, 30 daily
2025-08-04 20:03:04,366 - src.core.trading_engine - INFO - Syncing positions with IBKR...
2025-08-04 20:03:04,367 - src.core.position_tracker - WARNING - UNTRACKED POSITION: AAPL - 14.0 shares
2025-08-04 20:03:04,367 - src.core.position_tracker - INFO - Position added: AAPL
2025-08-04 20:03:04,368 - src.core.position_tracker - INFO - Exit scheduled for AAPL at 20:13:04
2025-08-04 20:03:04,369 - src.core.trading_engine - INFO - Rescheduling exit for AAPL at 2025-08-04 20:13:04.367727
2025-08-04 20:03:04,370 - src.core.position_tracker - INFO - Exit scheduled for AAPL at 20:13:04
2025-08-04 20:03:04,371 - src.utils.csv_parser - INFO - Switching to new file: data/alerts/alertlogging.Breaking out on Volume.20250804.csv
2025-08-04 20:03:04,371 - src.core.trading_engine - INFO - Time exit monitor started
2025-08-04 20:03:04,372 - src.core.trading_engine - INFO - All monitoring threads started
2025-08-04 20:03:04,372 - __main__ - INFO - Trading engine started successfully
2025-08-04 20:03:04,375 - src.utils.csv_parser - INFO - Found 1 new alerts from alertlogging.Breaking out on Volume.20250804.csv
2025-08-04 20:08:04,384 - src.core.trading_engine - INFO - Running position sync...
2025-08-04 20:13:04,395 - src.core.trading_engine - INFO - Running position sync...
2025-08-04 20:13:05,357 - src.core.trading_engine - INFO - Found 1 positions due for exit
2025-08-04 20:13:05,359 - src.core.trading_engine - INFO - Executing time-based exit for AAPL
2025-08-04 20:13:05,363 - src.core.order_manager - INFO - Executing time exit for AAPL: selling 14.0 shares
2025-08-04 20:13:05,364 - src.core.ibkr_connector - INFO - Created contract for AAPL without qualification
2025-08-04 20:13:05,365 - src.core.ibkr_connector - INFO - Placed closing order for AAPL x14.0, Order ID: 8
2025-08-04 20:13:05,870 - src.core.position_tracker - INFO - Position removed: AAPL
2025-08-04 20:13:05,870 - src.core.order_manager - INFO - Time exit order placed for AAPL
2025-08-04 20:13:10,879 - src.core.risk_manager - WARNING - No position found for AAPL
2025-08-04 20:18:04,399 - src.core.trading_engine - INFO - Running position sync...
2025-08-04 20:18:04,400 - src.core.position_tracker - WARNING - UNTRACKED POSITION: AAPL - 14.0 shares
2025-08-04 20:18:04,401 - src.core.position_tracker - INFO - Position added: AAPL
2025-08-04 20:18:04,401 - src.core.position_tracker - INFO - Exit scheduled for AAPL at 20:28:04
2025-08-04 20:18:04,404 - src.core.trading_engine - WARNING - Found 1 position discrepancies
2025-08-04 20:23:04,415 - src.core.trading_engine - INFO - Running position sync...
2025-08-04 20:28:04,439 - src.core.trading_engine - INFO - Running position sync...
2025-08-04 20:28:07,285 - src.core.trading_engine - INFO - Found 1 positions due for exit
2025-08-04 20:28:07,285 - src.core.trading_engine - INFO - Executing time-based exit for AAPL
2025-08-04 20:28:07,285 - src.core.order_manager - INFO - Executing time exit for AAPL: selling 14.0 shares
2025-08-04 20:28:07,286 - src.core.ibkr_connector - INFO - Placed closing order for AAPL x14.0, Order ID: 10
2025-08-04 20:28:07,800 - src.core.position_tracker - INFO - Position removed: AAPL
2025-08-04 20:28:07,800 - src.core.order_manager - INFO - Time exit order placed for AAPL
2025-08-04 20:28:12,849 - src.core.risk_manager - WARNING - No position found for AAPL
2025-08-04 20:28:54,663 - __main__ - INFO - Shutdown signal received
2025-08-04 20:28:54,663 - __main__ - INFO - Initiating graceful shutdown...
2025-08-04 20:28:54,664 - src.core.trading_engine - INFO - Stopping trading engine...
2025-08-04 20:28:54,667 - src.core.ibkr_connector - INFO - Disconnected from IBKR
2025-08-04 20:29:02,944 - src.core.trading_engine - INFO - Trading engine stopped
2025-08-04 20:29:02,944 - __main__ - INFO - Shutdown complete
2025-08-04 20:29:02,947 - __main__ - INFO - Engine stopped, shutting down
2025-08-04 20:29:07,031 - __main__ - INFO - ============================================================
2025-08-04 20:29:07,032 - __main__ - INFO - Holly AI to IBKR Bridge Starting
2025-08-04 20:29:07,032 - __main__ - INFO - Version: 2.0.0
2025-08-04 20:29:07,032 - __main__ - INFO - Timezone: Asia/Kolkata
2025-08-04 20:29:07,032 - __main__ - INFO - ============================================================
2025-08-04 20:29:07,180 - src.core.state_manager - INFO - No previous state found, starting fresh
2025-08-04 20:29:07,180 - src.core.trading_engine - INFO - Connecting to IBKR...
2025-08-04 20:29:07,294 - src.core.ibkr_connector - INFO - Connected to IBKR TWS on 127.0.0.1:7497
2025-08-04 20:29:07,294 - src.core.trading_engine - INFO - Connected to IBKR successfully
2025-08-04 20:29:07,882 - src.core.trading_engine - INFO - Account value: $100,004.86
2025-08-04 20:29:07,882 - src.core.risk_manager - INFO - Risk Manager initialized: 3.0% positions, max 3 concurrent, 30 daily
2025-08-04 20:29:07,883 - src.core.trading_engine - INFO - Syncing positions with IBKR...
2025-08-04 20:29:09,913 - src.utils.csv_parser - INFO - Switching to new file: data/alerts/alertlogging.Breaking out on Volume.20250804.csv
2025-08-04 20:29:09,913 - src.core.trading_engine - INFO - Time exit monitor started
2025-08-04 20:29:09,914 - src.core.trading_engine - INFO - All monitoring threads started
2025-08-04 20:29:09,914 - __main__ - INFO - Trading engine started successfully
2025-08-04 20:29:09,918 - src.utils.csv_parser - INFO - Found 1 new alerts from alertlogging.Breaking out on Volume.20250804.csv
2025-08-04 20:29:09,918 - src.core.trading_engine - INFO - Processing alert for AAPL at $214.2
2025-08-04 20:29:10,455 - src.core.risk_manager - INFO - Account value updated: $100,004.86
2025-08-04 20:29:10,456 - src.core.risk_manager - INFO - Position sizing: $3000.15 / $214.20 = 14 shares
2025-08-04 20:29:10,456 - src.core.ibkr_connector - INFO - Created contract for AAPL without qualification
2025-08-04 20:29:12,463 - src.core.ibkr_connector - INFO - Forcing position update...
2025-08-04 20:34:09,929 - src.core.trading_engine - INFO - Running position sync...
2025-08-04 20:39:11,956 - src.core.trading_engine - INFO - Running position sync...
2025-08-04 20:44:13,997 - src.core.trading_engine - INFO - Running position sync...
2025-08-04 20:48:47,422 - __main__ - INFO - Shutdown signal received
2025-08-04 20:48:47,423 - __main__ - INFO - Initiating graceful shutdown...
2025-08-04 20:48:47,423 - src.core.trading_engine - INFO - Stopping trading engine...
2025-08-04 20:48:48,435 - src.core.ibkr_connector - INFO - ORDER EVENT: Order 12 status: PreSubmitted, filled: 0.0
2025-08-04 20:48:48,436 - src.core.ibkr_connector - INFO - FILL EVENT: AAPL BOT 14.0 @ $207.41
2025-08-04 20:48:48,437 - src.core.ibkr_connector - INFO - ORDER EVENT: Order 12 status: Filled, filled: 14.0
2025-08-04 20:48:48,442 - src.core.ibkr_connector - INFO - Disconnected from IBKR
2025-08-04 20:48:58,460 - src.core.trading_engine - INFO - Trading engine stopped
2025-08-04 20:48:58,461 - __main__ - INFO - Shutdown complete
2025-08-04 20:48:58,461 - __main__ - INFO - Engine stopped, shutting down
2025-08-04 20:49:47,763 - __main__ - INFO - ============================================================
2025-08-04 20:49:47,763 - __main__ - INFO - Holly AI to IBKR Bridge Starting
2025-08-04 20:49:47,763 - __main__ - INFO - Version: 2.0.0
2025-08-04 20:49:47,763 - __main__ - INFO - Timezone: Asia/Kolkata
2025-08-04 20:49:47,763 - __main__ - INFO - ============================================================
2025-08-04 20:49:47,975 - src.core.state_manager - INFO - State loaded from data\state\trading_state.json
2025-08-04 20:49:47,975 - src.core.trading_engine - INFO - Connecting to IBKR...
2025-08-04 20:49:48,286 - src.core.ibkr_connector - INFO - Connected to IBKR TWS on 127.0.0.1:7497
2025-08-04 20:49:48,286 - src.core.trading_engine - INFO - Connected to IBKR successfully
2025-08-04 20:49:48,871 - src.core.trading_engine - INFO - Account value: $100,003.16
2025-08-04 20:49:48,872 - src.core.risk_manager - INFO - Risk Manager initialized: 3.0% positions, max 3 concurrent, 30 daily
2025-08-04 20:49:48,872 - src.core.trading_engine - INFO - Syncing positions with IBKR...
2025-08-04 20:49:48,873 - src.core.position_tracker - WARNING - UNTRACKED POSITION: AAPL - 14.0 shares
2025-08-04 20:49:48,874 - src.core.position_tracker - INFO - Position added: AAPL
2025-08-04 20:49:48,874 - src.core.position_tracker - INFO - Exit scheduled for AAPL at 20:59:48
2025-08-04 20:49:48,877 - src.core.trading_engine - INFO - Rescheduling exit for AAPL at 2025-08-04 20:59:48.874717
2025-08-04 20:49:48,877 - src.core.position_tracker - INFO - Exit scheduled for AAPL at 20:59:48
2025-08-04 20:49:48,879 - src.utils.csv_parser - INFO - Switching to new file: data/alerts/alertlogging.Breaking out on Volume.20250804.csv
2025-08-04 20:49:48,879 - src.core.trading_engine - INFO - Time exit monitor started
2025-08-04 20:49:48,880 - src.core.trading_engine - INFO - All monitoring threads started
2025-08-04 20:49:48,881 - __main__ - INFO - Trading engine started successfully
2025-08-04 20:54:48,882 - src.core.trading_engine - INFO - Running position sync...
2025-08-04 20:57:06,388 - __main__ - INFO - Shutdown signal received
2025-08-04 20:57:06,388 - __main__ - INFO - Initiating graceful shutdown...
2025-08-04 20:57:06,389 - src.core.trading_engine - INFO - Stopping trading engine...
2025-08-04 20:57:06,389 - src.core.trading_engine - INFO - Closing position: AAPL
2025-08-04 20:57:06,389 - src.core.order_manager - INFO - Executing time exit for AAPL: selling 14.0 shares
2025-08-04 20:57:06,390 - src.core.ibkr_connector - INFO - Created contract for AAPL without qualification
2025-08-04 20:57:06,391 - src.core.ibkr_connector - INFO - Placed closing order for AAPL x14.0, Order ID: 16
2025-08-04 20:57:06,536 - src.core.ibkr_connector - INFO - ORDER EVENT: Order 16 status: PreSubmitted, filled: 0.0
2025-08-04 20:57:06,763 - src.core.ibkr_connector - INFO - FILL EVENT: AAPL SLD 14.0 @ $206.78
2025-08-04 20:57:06,764 - src.core.ibkr_connector - INFO - ORDER EVENT: Order 16 status: Filled, filled: 14.0
2025-08-04 20:57:06,894 - src.core.position_tracker - INFO - Position removed: AAPL
2025-08-04 20:57:06,894 - src.core.order_manager - INFO - Time exit order placed for AAPL
2025-08-04 20:57:06,897 - src.core.ibkr_connector - INFO - Disconnected from IBKR
2025-08-04 20:57:14,720 - src.core.trading_engine - INFO - Trading engine stopped
2025-08-04 20:57:14,720 - __main__ - INFO - Shutdown complete
2025-08-04 20:57:14,721 - __main__ - INFO - Engine stopped, shutting down
2025-08-04 20:57:17,217 - __main__ - INFO - ============================================================
2025-08-04 20:57:17,217 - __main__ - INFO - Holly AI to IBKR Bridge Starting
2025-08-04 20:57:17,218 - __main__ - INFO - Version: 2.0.0
2025-08-04 20:57:17,218 - __main__ - INFO - Timezone: Asia/Kolkata
2025-08-04 20:57:17,218 - __main__ - INFO - ============================================================
2025-08-04 20:57:17,358 - src.core.state_manager - INFO - State loaded from data\state\trading_state.json
2025-08-04 20:57:17,358 - src.core.trading_engine - INFO - Connecting to IBKR...
2025-08-04 20:57:17,470 - src.core.ibkr_connector - INFO - Connected to IBKR TWS on 127.0.0.1:7497
2025-08-04 20:57:17,471 - src.core.trading_engine - INFO - Connected to IBKR successfully
2025-08-04 20:57:18,050 - src.core.trading_engine - INFO - Account value: $99,994.03
2025-08-04 20:57:18,051 - src.core.risk_manager - INFO - Risk Manager initialized: 3.0% positions, max 3 concurrent, 30 daily
2025-08-04 20:57:18,051 - src.core.trading_engine - INFO - Syncing positions with IBKR...
2025-08-04 20:57:20,064 - src.utils.csv_parser - INFO - Switching to new file: data/alerts/alertlogging.Breaking out on Volume.20250804.csv
2025-08-04 20:57:20,065 - src.core.trading_engine - INFO - Time exit monitor started
2025-08-04 20:57:20,066 - src.core.trading_engine - INFO - All monitoring threads started
2025-08-04 20:57:20,066 - __main__ - INFO - Trading engine started successfully
2025-08-04 21:02:20,072 - src.core.trading_engine - INFO - Running position sync...
2025-08-04 21:07:22,101 - src.core.trading_engine - INFO - Running position sync...
2025-08-04 21:08:32,616 - __main__ - INFO - Shutdown signal received
2025-08-04 21:08:32,616 - __main__ - INFO - Initiating graceful shutdown...
2025-08-04 21:08:32,616 - src.core.trading_engine - INFO - Stopping trading engine...
2025-08-04 21:08:33,618 - src.core.ibkr_connector - ERROR - Error 2157: Sec-def data farm connection is broken:secdefsg
2025-08-04 21:08:34,630 - src.core.ibkr_connector - INFO - Disconnected from IBKR
2025-08-04 21:08:41,205 - src.core.trading_engine - INFO - Trading engine stopped
2025-08-04 21:08:41,206 - __main__ - INFO - Shutdown complete
2025-08-04 21:08:41,213 - __main__ - INFO - Engine stopped, shutting down
2025-08-04 21:09:18,175 - __main__ - INFO - ============================================================
2025-08-04 21:09:18,175 - __main__ - INFO - Holly AI to IBKR Bridge Starting
2025-08-04 21:09:18,175 - __main__ - INFO - ============================================================
2025-08-04 21:09:18,176 - src.core.ibkr_connector - INFO - Connecting to IBKR...
2025-08-04 21:09:21,288 - src.core.ibkr_connector - INFO - Connected with account: DU024
2025-08-04 21:09:21,288 - __main__ - INFO - Account value: $99,994.03
2025-08-04 21:09:21,489 - __main__ - ERROR - Initialization failed: 'float' object has no attribute 'get_daily_stats'
2025-08-04 21:09:21,489 - __main__ - ERROR - System initialization failed
2025-08-04 21:09:21,489 - __main__ - INFO - Shutting down...
2025-08-04 21:09:21,490 - src.core.ibkr_connector - INFO - Disconnected from IBKR
2025-08-04 21:11:11,286 - __main__ - INFO - ============================================================
2025-08-04 21:11:11,286 - __main__ - INFO - Holly AI to IBKR Bridge Starting
2025-08-04 21:11:11,286 - __main__ - INFO - ============================================================
2025-08-04 21:11:11,287 - src.core.ibkr_connector - INFO - Connecting to IBKR...
2025-08-04 21:11:14,610 - src.core.ibkr_connector - INFO - Connected with account: DU024
2025-08-04 21:11:14,610 - __main__ - INFO - Account value: $99,994.03
2025-08-04 21:11:14,610 - __main__ - ERROR - Initialization failed: __init__() missing 1 required positional argument: 'state_manager'
2025-08-04 21:11:14,611 - __main__ - ERROR - System initialization failed
2025-08-04 21:11:14,611 - __main__ - INFO - Shutting down...
2025-08-04 21:11:14,611 - src.core.ibkr_connector - INFO - Disconnected from IBKR
2025-08-04 21:12:16,055 - __main__ - INFO - ============================================================
2025-08-04 21:12:16,055 - __main__ - INFO - Holly AI to IBKR Bridge Starting
2025-08-04 21:12:16,056 - __main__ - INFO - ============================================================
2025-08-04 21:12:16,056 - src.core.ibkr_connector - INFO - Connecting to IBKR...
2025-08-04 21:12:19,179 - src.core.ibkr_connector - INFO - Connected with account: DU024
2025-08-04 21:12:19,180 - __main__ - INFO - Account value: $99,994.03
2025-08-04 21:12:19,180 - src.core.risk_manager - INFO - Risk Manager initialized: 3.0% positions, max 3 concurrent
2025-08-04 21:12:19,181 - __main__ - ERROR - Initialization failed: __init__() missing 1 required positional argument: 'state_manager'
2025-08-04 21:12:19,181 - __main__ - ERROR - System initialization failed
2025-08-04 21:12:19,182 - __main__ - INFO - Shutting down...
2025-08-04 21:12:19,182 - src.core.ibkr_connector - INFO - Disconnected from IBKR
2025-08-04 21:13:25,520 - __main__ - INFO - ============================================================
2025-08-04 21:13:25,521 - __main__ - INFO - Holly AI to IBKR Bridge Starting
2025-08-04 21:13:25,521 - __main__ - INFO - ============================================================
2025-08-04 21:13:25,521 - __main__ - INFO - Initializing IBKR connector...
2025-08-04 21:13:25,522 - src.core.ibkr_connector - INFO - Connecting to IBKR...
2025-08-04 21:13:28,639 - src.core.ibkr_connector - INFO - Connected with account: DU024
2025-08-04 21:13:28,639 - __main__ - INFO - Getting account information...
2025-08-04 21:13:28,639 - __main__ - INFO - Account value: $99,994.03
2025-08-04 21:13:28,639 - __main__ - INFO - Initializing risk manager...
2025-08-04 21:13:28,640 - src.core.risk_manager - INFO - Risk Manager initialized: 3.0% positions, max 3 concurrent
2025-08-04 21:13:28,640 - __main__ - INFO - Initializing order manager...
2025-08-04 21:13:28,640 - __main__ - INFO - Initializing CSV parser...
2025-08-04 21:13:28,640 - __main__ - ERROR - Initialization failed: __init__() missing 1 required positional argument: 'state_manager'
2025-08-04 21:13:28,641 - __main__ - ERROR - Traceback (most recent call last):
  File "C:\Users\kshit\Desktop\Upwork\HollyAI_IBKR_Integration\holly_ibkr_bridge\main.py", line 63, in initialize
    self.parser = HollyAlertParser("config/config.json")
TypeError: __init__() missing 1 required positional argument: 'state_manager'

2025-08-04 21:13:28,642 - __main__ - ERROR - System initialization failed
2025-08-04 21:13:28,642 - __main__ - INFO - Shutting down...
2025-08-04 21:13:28,642 - src.core.ibkr_connector - INFO - Disconnected from IBKR
2025-08-04 21:15:00,041 - __main__ - INFO - ============================================================
2025-08-04 21:15:00,041 - __main__ - INFO - Holly AI to IBKR Bridge Starting
2025-08-04 21:15:00,041 - __main__ - INFO - ============================================================
2025-08-04 21:15:00,042 - __main__ - INFO - Initializing IBKR connector...
2025-08-04 21:15:00,042 - src.core.ibkr_connector - INFO - Connecting to IBKR...
2025-08-04 21:15:03,361 - src.core.ibkr_connector - INFO - Connected with account: DU024
2025-08-04 21:15:03,361 - __main__ - INFO - Getting account information...
2025-08-04 21:15:03,362 - __main__ - INFO - Account value: $99,994.03
2025-08-04 21:15:03,362 - __main__ - INFO - Initializing risk manager...
2025-08-04 21:15:03,362 - src.core.risk_manager - INFO - Risk Manager initialized: 3.0% positions, max 3 concurrent
2025-08-04 21:15:03,363 - __main__ - INFO - Initializing order manager...
2025-08-04 21:15:03,363 - __main__ - INFO - Initializing CSV parser...
2025-08-04 21:15:03,364 - __main__ - INFO - CSV Parser initialized for strategy: Breaking out on Volume
2025-08-04 21:15:03,364 - __main__ - INFO - All components initialized successfully
2025-08-04 21:15:03,364 - __main__ - INFO - Starting trading system...
2025-08-04 21:15:03,501 - __main__ - INFO - Switching to new file: data/alerts/alertlogging.Breaking out on Volume.20250804.csv
2025-08-04 21:15:03,505 - __main__ - INFO - Found 1 new alerts
2025-08-04 21:15:03,506 - src.core.risk_manager - INFO - Account value updated: $99,994.03
2025-08-04 21:15:03,506 - src.core.risk_manager - INFO - Position size: $2999.82 (3.0% of $99994.03)
2025-08-04 21:15:03,506 - src.core.risk_manager - INFO - Shares to buy: 14 at $214.2
2025-08-04 21:15:03,506 - src.core.order_manager - INFO - Placing order: AAPL - 14 shares @ $214.2, stop @ $212.058
2025-08-04 21:15:04,263 - src.core.ibkr_connector - INFO - Placed parent order for AAPL
2025-08-04 21:15:04,264 - src.core.ibkr_connector - INFO - Placed stop order at $212.06
2025-08-04 21:15:04,264 - src.core.order_manager - INFO - Order placed successfully: AAPL, exit scheduled for 21:25:04
2025-08-04 21:15:04,264 - src.core.risk_manager - INFO - Added position: AAPL - 14 shares @ $214.2, exit at 21:25:04
2025-08-04 21:15:04,265 - __main__ - INFO - Daily stats - Trades: 1, Open: 1, Remaining: 29
2025-08-04 21:23:41,176 - __main__ - INFO - Found 1 new alerts
2025-08-04 21:23:41,177 - src.core.risk_manager - INFO - Account value updated: $99,994.03
2025-08-04 21:23:41,177 - src.core.risk_manager - INFO - Position size: $2999.82 (3.0% of $99994.03)
2025-08-04 21:23:41,177 - src.core.risk_manager - INFO - Shares to buy: 16 at $177.0
2025-08-04 21:23:41,177 - src.core.order_manager - INFO - Placing order: NVDA - 16 shares @ $177.0, stop @ $175.23
2025-08-04 21:23:41,478 - src.core.ibkr_connector - INFO - Placed parent order for NVDA
2025-08-04 21:23:41,478 - src.core.ibkr_connector - INFO - Placed stop order at $175.23
2025-08-04 21:23:41,478 - src.core.order_manager - INFO - Order placed successfully: NVDA, exit scheduled for 21:33:41
2025-08-04 21:23:41,478 - src.core.risk_manager - INFO - Added position: NVDA - 16 shares @ $177.0, exit at 21:33:41
2025-08-04 21:23:41,478 - __main__ - INFO - Daily stats - Trades: 2, Open: 2, Remaining: 28
2025-08-04 21:25:11,424 - src.core.order_manager - INFO - Time exit due for AAPL
2025-08-04 21:25:11,425 - __main__ - INFO - Executing time exit for AAPL
2025-08-04 21:25:11,425 - src.core.order_manager - WARNING - No position found for AAPL
2025-08-04 21:26:24,439 - __main__ - INFO - Shutdown requested
2025-08-04 21:26:24,440 - __main__ - INFO - Shutting down...
2025-08-04 21:26:24,440 - __main__ - INFO - Closing position on shutdown: NVDA
2025-08-04 21:26:24,440 - src.core.order_manager - WARNING - No position found for NVDA
2025-08-04 21:26:24,440 - src.core.ibkr_connector - INFO - Disconnected from IBKR
2025-08-04 21:33:53,014 - __main__ - INFO - ============================================================
2025-08-04 21:33:53,014 - __main__ - INFO - Holly AI to IBKR Bridge Starting
2025-08-04 21:33:53,014 - __main__ - INFO - ============================================================
2025-08-04 21:33:53,014 - __main__ - INFO - Initializing IBKR connector...
2025-08-04 21:33:53,014 - src.core.ibkr_connector - INFO - Connecting to IBKR...
2025-08-04 21:33:56,128 - src.core.ibkr_connector - INFO - Connected with account: DU024
2025-08-04 21:33:56,128 - __main__ - INFO - Getting account information...
2025-08-04 21:33:56,129 - __main__ - INFO - Account value: $99,987.65
2025-08-04 21:33:56,129 - __main__ - INFO - Initializing risk manager...
2025-08-04 21:33:56,129 - src.core.risk_manager - INFO - Risk Manager initialized: 3.0% positions, max 3 concurrent
2025-08-04 21:33:56,130 - __main__ - INFO - Initializing order manager...
2025-08-04 21:33:56,130 - __main__ - INFO - Initializing CSV parser...
2025-08-04 21:33:56,131 - __main__ - INFO - CSV Parser initialized for strategy: Breaking out on Volume
2025-08-04 21:33:56,131 - __main__ - INFO - All components initialized successfully
2025-08-04 21:33:56,131 - __main__ - INFO - Starting trading system...
2025-08-04 21:33:56,281 - __main__ - INFO - Switching to new file: data/alerts/alertlogging.Breaking out on Volume.20250804.csv
2025-08-04 21:33:56,286 - __main__ - INFO - Found 2 new alerts
2025-08-04 21:33:56,286 - src.core.risk_manager - INFO - Account value updated: $99,987.65
2025-08-04 21:33:56,286 - src.core.risk_manager - INFO - Position size: $2999.63 (3.0% of $99987.65)
2025-08-04 21:33:56,286 - src.core.risk_manager - INFO - Shares to buy: 14 at $214.2
2025-08-04 21:33:56,286 - src.core.order_manager - INFO - Placing order: AAPL - 14 shares @ $214.2, stop @ $212.058
2025-08-04 21:33:56,354 - src.core.ibkr_connector - INFO - Placed parent order for AAPL
2025-08-04 21:33:56,355 - src.core.ibkr_connector - INFO - Placed stop order at $212.06
2025-08-04 21:33:56,355 - src.core.order_manager - INFO - Order placed successfully: AAPL, exit scheduled for 21:43:56
2025-08-04 21:33:56,355 - src.core.risk_manager - INFO - Added position: AAPL - 14 shares @ $214.2, exit at 21:43:56
2025-08-04 21:33:56,356 - __main__ - INFO - Daily stats - Trades: 1, Open: 1, Remaining: 29
2025-08-04 21:33:56,356 - src.core.risk_manager - INFO - Account value updated: $99,987.65
2025-08-04 21:33:56,356 - src.core.risk_manager - INFO - Position size: $2999.63 (3.0% of $99987.65)
2025-08-04 21:33:56,356 - src.core.risk_manager - INFO - Shares to buy: 16 at $177.0
2025-08-04 21:33:56,357 - src.core.order_manager - INFO - Placing order: NVDA - 16 shares @ $177.0, stop @ $175.23
2025-08-04 21:33:56,522 - src.core.ibkr_connector - INFO - Placed parent order for NVDA
2025-08-04 21:33:56,522 - src.core.ibkr_connector - INFO - Placed stop order at $175.23
2025-08-04 21:33:56,522 - src.core.order_manager - INFO - Order placed successfully: NVDA, exit scheduled for 21:43:56
2025-08-04 21:33:56,523 - src.core.risk_manager - INFO - Added position: NVDA - 16 shares @ $177.0, exit at 21:43:56
2025-08-04 21:33:56,523 - __main__ - INFO - Daily stats - Trades: 2, Open: 2, Remaining: 28
2025-08-04 21:44:03,432 - src.core.order_manager - INFO - Time exit due for AAPL
2025-08-04 21:44:03,432 - src.core.order_manager - INFO - Time exit due for NVDA
2025-08-04 21:44:03,432 - __main__ - INFO - Executing time exit for AAPL
2025-08-04 21:44:03,847 - src.core.ibkr_connector - INFO - Position closed: AAPL
2025-08-04 21:44:03,847 - src.core.order_manager - INFO - Time exit executed for AAPL
2025-08-04 21:44:03,848 - src.core.risk_manager - INFO - Closed AAPL: TIME_EXIT_10MIN - P&L: $-124.46 (-4.15%)
2025-08-04 21:44:03,848 - __main__ - INFO - Executing time exit for NVDA
2025-08-04 21:44:04,274 - src.core.ibkr_connector - INFO - Position closed: NVDA
2025-08-04 21:44:04,274 - src.core.order_manager - INFO - Time exit executed for NVDA
2025-08-04 21:59:34,688 - __main__ - INFO - Shutdown requested
2025-08-04 21:59:34,689 - __main__ - INFO - Shutting down...
2025-08-04 21:59:34,689 - src.core.ibkr_connector - INFO - Disconnected from IBKR
2025-08-04 22:00:54,140 - __main__ - INFO - ============================================================
2025-08-04 22:00:54,140 - __main__ - INFO - Holly AI to IBKR Bridge Starting
2025-08-04 22:00:54,140 - __main__ - INFO - ============================================================
2025-08-04 22:00:54,141 - __main__ - INFO - Initializing IBKR connector...
2025-08-04 22:00:54,141 - src.core.ibkr_connector - INFO - Connecting to IBKR...
2025-08-04 22:00:57,273 - src.core.ibkr_connector - INFO - Connected with account: DU024
2025-08-04 22:00:57,273 - __main__ - INFO - Getting account information...
2025-08-04 22:00:57,274 - __main__ - INFO - Account value: $100,010.88
2025-08-04 22:00:57,274 - __main__ - INFO - Initializing risk manager...
2025-08-04 22:00:57,274 - src.core.risk_manager - INFO - Risk Manager initialized: 3.0% positions, max 3 concurrent
2025-08-04 22:00:57,274 - __main__ - INFO - Initializing order manager...
2025-08-04 22:00:57,275 - __main__ - INFO - Initializing CSV parser...
2025-08-04 22:00:57,275 - __main__ - INFO - CSV Parser initialized for strategy: Breaking out on Volume
2025-08-04 22:00:57,275 - __main__ - INFO - All components initialized successfully
2025-08-04 22:00:57,275 - __main__ - INFO - Starting trading system...
2025-08-04 22:00:57,276 - __main__ - INFO - Switching to new file: data/alerts/alertlogging.Breaking out on Volume.20250804.csv
2025-08-04 22:00:57,280 - __main__ - INFO - Found 2 new alerts
2025-08-04 22:00:57,281 - src.core.risk_manager - INFO - Account value updated: $100,010.88
2025-08-04 22:00:57,281 - src.core.risk_manager - INFO - Position size: $3000.33 (3.0% of $100010.88)
2025-08-04 22:00:57,281 - src.core.risk_manager - INFO - Shares to buy: 14 at $214.2
2025-08-04 22:00:57,281 - src.core.order_manager - INFO - Placing order: AAPL - 14 shares @ $214.2, stop @ $212.058
2025-08-04 22:00:57,360 - src.core.order_manager - INFO - Order placed successfully: AAPL, exit scheduled for 22:10:57
2025-08-04 22:00:57,360 - src.core.risk_manager - INFO - Added position: AAPL - 14 shares @ $214.2, exit at 22:10:57
2025-08-04 22:00:57,361 - __main__ - INFO - Daily stats - Trades: 1, Open: 1, Remaining: 29
2025-08-04 22:00:57,361 - src.core.risk_manager - INFO - Account value updated: $100,010.88
2025-08-04 22:00:57,361 - src.core.risk_manager - INFO - Position size: $3000.33 (3.0% of $100010.88)
2025-08-04 22:00:57,361 - src.core.risk_manager - INFO - Shares to buy: 16 at $177.0
2025-08-04 22:00:57,362 - src.core.order_manager - INFO - Placing order: NVDA - 16 shares @ $177.0, stop @ $175.23
2025-08-04 22:00:57,638 - ib_insync.wrapper - ERROR - Error 201, reqId 37: Order rejected - reason:Message must contain field # 44
2025-08-04 22:00:57,639 - ib_insync.wrapper - WARNING - Canceled order: Trade(contract=Stock(conId=265598, symbol='AAPL', exchange='SMART', primaryExchange='NASDAQ', currency='USD', localSymbol='AAPL', tradingClass='NMS'), order=LimitOrder(orderId=37, clientId=1, permId=1542505056, action='BUY', totalQuantity=14.0, lmtPrice=0.0, auxPrice=0.0, transmit=False, account='DU024'), orderStatus=OrderStatus(orderId=37, status='Cancelled', filled=0.0, remaining=14.0, avgFillPrice=0.0, permId=1542505056, parentId=0, lastFillPrice=0.0, clientId=1, whyHeld='', mktCapPrice=0.0), fills=[], log=[TradeLogEntry(time=datetime.datetime(2025, 8, 4, 16, 30, 57, 353181, tzinfo=datetime.timezone.utc), status='PendingSubmit', message='', errorCode=0), TradeLogEntry(time=datetime.datetime(2025, 8, 4, 16, 30, 57, 572254, tzinfo=datetime.timezone.utc), status='Inactive', message='', errorCode=0), TradeLogEntry(time=datetime.datetime(2025, 8, 4, 16, 30, 57, 638891, tzinfo=datetime.timezone.utc), status='Cancelled', message='Error 201, reqId 37: Order rejected - reason:Message must contain field # 44', errorCode=201)], advancedError='')
2025-08-04 22:00:57,639 - src.core.ibkr_connector - ERROR - IB Error 201: Order rejected - reason:Message must contain field # 44
2025-08-04 22:00:57,646 - ib_insync.wrapper - ERROR - Error 201, reqId 38: Order rejected - reason:Message must contain field # 44
2025-08-04 22:00:57,647 - ib_insync.wrapper - WARNING - Canceled order: Trade(contract=Stock(conId=265598, symbol='AAPL', exchange='SMART', primaryExchange='NASDAQ', currency='USD', localSymbol='AAPL', tradingClass='NMS'), order=LimitOrder(orderId=38, clientId=1, permId=1542505057, action='SELL', totalQuantity=14.0, lmtPrice=0.0, auxPrice=0.0, transmit=False, parentId=37, account='DU024'), orderStatus=OrderStatus(orderId=38, status='Cancelled', filled=0.0, remaining=14.0, avgFillPrice=0.0, permId=1542505057, parentId=37, lastFillPrice=0.0, clientId=1, whyHeld='', mktCapPrice=0.0), fills=[], log=[TradeLogEntry(time=datetime.datetime(2025, 8, 4, 16, 30, 57, 353181, tzinfo=datetime.timezone.utc), status='PendingSubmit', message='', errorCode=0), TradeLogEntry(time=datetime.datetime(2025, 8, 4, 16, 30, 57, 577252, tzinfo=datetime.timezone.utc), status='Inactive', message='', errorCode=0), TradeLogEntry(time=datetime.datetime(2025, 8, 4, 16, 30, 57, 646875, tzinfo=datetime.timezone.utc), status='Cancelled', message='Error 201, reqId 38: Order rejected - reason:Message must contain field # 44', errorCode=201)], advancedError='')
2025-08-04 22:00:57,647 - src.core.ibkr_connector - ERROR - IB Error 201: Order rejected - reason:Message must contain field # 44
2025-08-04 22:00:57,653 - src.core.order_manager - INFO - Order placed successfully: NVDA, exit scheduled for 22:10:57
2025-08-04 22:00:57,653 - src.core.risk_manager - INFO - Added position: NVDA - 16 shares @ $177.0, exit at 22:10:57
2025-08-04 22:00:57,653 - __main__ - INFO - Daily stats - Trades: 2, Open: 2, Remaining: 28
2025-08-04 22:01:07,773 - ib_insync.wrapper - ERROR - Error 201, reqId 39: Order rejected - reason:Unable to find parent order.
2025-08-04 22:01:07,774 - ib_insync.wrapper - WARNING - Canceled order: Trade(contract=Stock(conId=265598, symbol='AAPL', exchange='SMART', primaryExchange='NASDAQ', currency='USD', localSymbol='AAPL', tradingClass='NMS'), order=StopOrder(orderId=39, clientId=1, permId=1542505058, action='SELL', totalQuantity=14.0, lmtPrice=212.03, auxPrice=212.06, parentId=37, account='DU024'), orderStatus=OrderStatus(orderId=39, status='Cancelled', filled=0.0, remaining=14.0, avgFillPrice=0.0, permId=1542505058, parentId=37, lastFillPrice=0.0, clientId=1, whyHeld='', mktCapPrice=0.0), fills=[], log=[TradeLogEntry(time=datetime.datetime(2025, 8, 4, 16, 30, 57, 353181, tzinfo=datetime.timezone.utc), status='PendingSubmit', message='', errorCode=0), TradeLogEntry(time=datetime.datetime(2025, 8, 4, 16, 30, 57, 579328, tzinfo=datetime.timezone.utc), status='Inactive', message='', errorCode=0), TradeLogEntry(time=datetime.datetime(2025, 8, 4, 16, 31, 7, 773313, tzinfo=datetime.timezone.utc), status='Cancelled', message='Error 201, reqId 39: Order rejected - reason:Unable to find parent order.', errorCode=201)], advancedError='')
2025-08-04 22:01:07,774 - src.core.ibkr_connector - ERROR - IB Error 201: Order rejected - reason:Unable to find parent order.
2025-08-04 22:01:08,983 - src.core.ibkr_connector - INFO - Position data refreshed
2025-08-04 22:01:19,097 - ib_insync.wrapper - ERROR - Error 201, reqId 41: Order rejected - reason:Message must contain field # 44
2025-08-04 22:01:19,098 - ib_insync.wrapper - WARNING - Canceled order: Trade(contract=Stock(conId=4815747, symbol='NVDA', exchange='SMART', primaryExchange='NASDAQ', currency='USD', localSymbol='NVDA', tradingClass='NMS'), order=LimitOrder(orderId=41, clientId=1, permId=1542505059, action='BUY', totalQuantity=16.0, lmtPrice=0.0, auxPrice=0.0, transmit=False, account='DU024'), orderStatus=OrderStatus(orderId=41, status='Cancelled', filled=0.0, remaining=16.0, avgFillPrice=0.0, permId=1542505059, parentId=0, lastFillPrice=0.0, clientId=1, whyHeld='', mktCapPrice=0.0), fills=[], log=[TradeLogEntry(time=datetime.datetime(2025, 8, 4, 16, 30, 57, 649413, tzinfo=datetime.timezone.utc), status='PendingSubmit', message='', errorCode=0), TradeLogEntry(time=datetime.datetime(2025, 8, 4, 16, 31, 7, 957270, tzinfo=datetime.timezone.utc), status='Inactive', message='', errorCode=0), TradeLogEntry(time=datetime.datetime(2025, 8, 4, 16, 31, 19, 97506, tzinfo=datetime.timezone.utc), status='Cancelled', message='Error 201, reqId 41: Order rejected - reason:Message must contain field # 44', errorCode=201)], advancedError='')
2025-08-04 22:01:19,098 - src.core.ibkr_connector - ERROR - IB Error 201: Order rejected - reason:Message must contain field # 44
2025-08-04 22:01:19,099 - ib_insync.wrapper - ERROR - Error 201, reqId 42: Order rejected - reason:Message must contain field # 44
2025-08-04 22:01:19,099 - ib_insync.wrapper - WARNING - Canceled order: Trade(contract=Stock(conId=4815747, symbol='NVDA', exchange='SMART', primaryExchange='NASDAQ', currency='USD', localSymbol='NVDA', tradingClass='NMS'), order=LimitOrder(orderId=42, clientId=1, permId=1542505060, action='SELL', totalQuantity=16.0, lmtPrice=0.0, auxPrice=0.0, transmit=False, parentId=41, account='DU024'), orderStatus=OrderStatus(orderId=42, status='Cancelled', filled=0.0, remaining=16.0, avgFillPrice=0.0, permId=1542505060, parentId=41, lastFillPrice=0.0, clientId=1, whyHeld='', mktCapPrice=0.0), fills=[], log=[TradeLogEntry(time=datetime.datetime(2025, 8, 4, 16, 30, 57, 649413, tzinfo=datetime.timezone.utc), status='PendingSubmit', message='', errorCode=0), TradeLogEntry(time=datetime.datetime(2025, 8, 4, 16, 31, 7, 960642, tzinfo=datetime.timezone.utc), status='Inactive', message='', errorCode=0), TradeLogEntry(time=datetime.datetime(2025, 8, 4, 16, 31, 19, 98506, tzinfo=datetime.timezone.utc), status='Cancelled', message='Error 201, reqId 42: Order rejected - reason:Message must contain field # 44', errorCode=201)], advancedError='')
2025-08-04 22:01:19,099 - src.core.ibkr_connector - ERROR - IB Error 201: Order rejected - reason:Message must contain field # 44
2025-08-04 22:01:19,099 - ib_insync.wrapper - ERROR - Error 201, reqId 43: Order rejected - reason:Unable to find parent order.
2025-08-04 22:01:19,100 - ib_insync.wrapper - WARNING - Canceled order: Trade(contract=Stock(conId=4815747, symbol='NVDA', exchange='SMART', primaryExchange='NASDAQ', currency='USD', localSymbol='NVDA', tradingClass='NMS'), order=StopOrder(orderId=43, clientId=1, permId=1542505061, action='SELL', totalQuantity=16.0, lmtPrice=175.2, auxPrice=175.23, parentId=41, account='DU024'), orderStatus=OrderStatus(orderId=43, status='Cancelled', filled=0.0, remaining=16.0, avgFillPrice=0.0, permId=1542505061, parentId=41, lastFillPrice=0.0, clientId=1, whyHeld='', mktCapPrice=0.0), fills=[], log=[TradeLogEntry(time=datetime.datetime(2025, 8, 4, 16, 30, 57, 650424, tzinfo=datetime.timezone.utc), status='PendingSubmit', message='', errorCode=0), TradeLogEntry(time=datetime.datetime(2025, 8, 4, 16, 31, 7, 961852, tzinfo=datetime.timezone.utc), status='Inactive', message='', errorCode=0), TradeLogEntry(time=datetime.datetime(2025, 8, 4, 16, 31, 19, 98506, tzinfo=datetime.timezone.utc), status='Cancelled', message='Error 201, reqId 43: Order rejected - reason:Unable to find parent order.', errorCode=201)], advancedError='')
2025-08-04 22:01:19,100 - src.core.ibkr_connector - ERROR - IB Error 201: Order rejected - reason:Unable to find parent order.
2025-08-04 22:01:20,105 - src.core.ibkr_connector - INFO - Position data refreshed
2025-08-04 22:01:31,249 - src.core.ibkr_connector - INFO - Position data refreshed
2025-08-04 22:01:42,366 - src.core.ibkr_connector - INFO - Position data refreshed
2025-08-04 22:01:53,497 - src.core.ibkr_connector - INFO - Position data refreshed
2025-08-04 22:02:04,587 - src.core.ibkr_connector - INFO - Position data refreshed
2025-08-04 22:02:15,701 - src.core.ibkr_connector - INFO - Position data refreshed
2025-08-04 22:02:26,812 - src.core.ibkr_connector - INFO - Position data refreshed
2025-08-04 22:02:37,976 - src.core.ibkr_connector - INFO - Position data refreshed
2025-08-04 22:02:49,115 - src.core.ibkr_connector - INFO - Position data refreshed
2025-08-04 22:03:00,275 - src.core.ibkr_connector - INFO - Position data refreshed
2025-08-04 22:03:11,416 - src.core.ibkr_connector - INFO - Position data refreshed
2025-08-04 22:03:22,644 - src.core.ibkr_connector - INFO - Position data refreshed
2025-08-04 22:03:33,776 - src.core.ibkr_connector - INFO - Position data refreshed
2025-08-04 22:03:44,938 - src.core.ibkr_connector - INFO - Position data refreshed
2025-08-04 22:03:56,075 - src.core.ibkr_connector - INFO - Position data refreshed
2025-08-04 22:04:07,276 - src.core.ibkr_connector - INFO - Position data refreshed
2025-08-04 22:04:18,417 - src.core.ibkr_connector - INFO - Position data refreshed
2025-08-04 22:04:29,571 - src.core.ibkr_connector - INFO - Position data refreshed
2025-08-04 22:04:40,724 - src.core.ibkr_connector - INFO - Position data refreshed
2025-08-04 22:04:51,845 - src.core.ibkr_connector - INFO - Position data refreshed
2025-08-04 22:05:02,976 - src.core.ibkr_connector - INFO - Position data refreshed
2025-08-04 22:05:14,090 - src.core.ibkr_connector - INFO - Position data refreshed
2025-08-04 22:05:25,205 - src.core.ibkr_connector - INFO - Position data refreshed
2025-08-04 22:05:36,318 - src.core.ibkr_connector - INFO - Position data refreshed
2025-08-04 22:05:47,446 - src.core.ibkr_connector - INFO - Position data refreshed
2025-08-04 22:05:58,579 - src.core.ibkr_connector - INFO - Position data refreshed
2025-08-04 22:06:09,682 - src.core.ibkr_connector - INFO - Position data refreshed
2025-08-04 22:06:12,893 - __main__ - INFO - Shutdown requested
2025-08-04 22:06:13,898 - src.core.ibkr_connector - INFO - Position data refreshed
2025-08-04 22:06:13,898 - __main__ - INFO - Closing 2 open positions...
2025-08-04 22:06:13,900 - src.core.order_manager - WARNING - No position found for AAPL
2025-08-04 22:06:13,903 - src.core.order_manager - WARNING - No position found for NVDA
2025-08-04 22:06:13,905 - src.core.ibkr_connector - INFO - Disconnected from IBKR
2025-08-04 22:07:14,158 - __main__ - INFO - ============================================================
2025-08-04 22:07:14,159 - __main__ - INFO - Holly AI to IBKR Bridge Starting
2025-08-04 22:07:14,160 - __main__ - INFO - ============================================================
2025-08-04 22:07:14,160 - __main__ - INFO - Initializing IBKR connector...
2025-08-04 22:07:14,162 - src.core.ibkr_connector - INFO - Connecting to IBKR...
2025-08-04 22:07:17,321 - src.core.ibkr_connector - INFO - Connected with account: DU024
2025-08-04 22:07:17,321 - __main__ - INFO - Getting account information...
2025-08-04 22:07:17,322 - __main__ - INFO - Account value: $100,024.32
2025-08-04 22:07:17,322 - __main__ - INFO - Initializing risk manager...
2025-08-04 22:07:17,322 - src.core.risk_manager - INFO - Risk Manager initialized: 3.0% positions, max 3 concurrent
2025-08-04 22:07:17,324 - __main__ - INFO - Initializing order manager...
2025-08-04 22:07:17,325 - __main__ - INFO - Initializing CSV parser...
2025-08-04 22:07:17,326 - __main__ - INFO - CSV Parser initialized for strategy: Breaking out on Volume
2025-08-04 22:07:17,326 - __main__ - INFO - All components initialized successfully
2025-08-04 22:07:17,326 - __main__ - INFO - Starting trading system...
2025-08-04 22:07:17,327 - __main__ - INFO - Switching to new file: data/alerts/alertlogging.Breaking out on Volume.20250804.csv
2025-08-04 22:07:17,350 - __main__ - INFO - Found 2 new alerts
2025-08-04 22:07:17,350 - src.core.risk_manager - INFO - Account value updated: $100,024.32
2025-08-04 22:07:17,351 - src.core.risk_manager - INFO - Position size: $3000.73 (3.0% of $100024.32)
2025-08-04 22:07:17,351 - src.core.risk_manager - INFO - Shares to buy: 14 at $214.2
2025-08-04 22:07:17,351 - src.core.order_manager - INFO - Placing order: AAPL - 14 shares @ $214.2, stop @ $212.058
2025-08-04 22:07:17,427 - src.core.ibkr_connector - INFO - Placing market order for AAPL: 14 shares
2025-08-04 22:07:19,552 - src.core.ibkr_connector - INFO - Market order filled at $204.18
2025-08-04 22:07:19,553 - src.core.ibkr_connector - INFO - Placing stop order at $212.06
2025-08-04 22:07:19,554 - src.core.ibkr_connector - INFO - Stop order placed successfully
2025-08-04 22:07:19,555 - src.core.order_manager - INFO - Order placed successfully: AAPL, exit scheduled for 22:17:19
2025-08-04 22:07:19,555 - src.core.risk_manager - INFO - Added position: AAPL - 14 shares @ $214.2, exit at 22:17:19
2025-08-04 22:07:19,556 - __main__ - INFO - Daily stats - Trades: 1, Open: 1, Remaining: 29
2025-08-04 22:07:19,556 - src.core.risk_manager - INFO - Account value updated: $100,023.46
2025-08-04 22:07:19,557 - src.core.risk_manager - INFO - Position size: $3000.70 (3.0% of $100023.46)
2025-08-04 22:07:19,557 - src.core.risk_manager - INFO - Shares to buy: 16 at $177.0
2025-08-04 22:07:19,557 - src.core.order_manager - INFO - Placing order: NVDA - 16 shares @ $177.0, stop @ $175.23
2025-08-04 22:07:19,628 - src.core.ibkr_connector - INFO - Placing market order for NVDA: 16 shares
2025-08-04 22:07:21,738 - src.core.ibkr_connector - INFO - Market order filled at $178.96
2025-08-04 22:07:21,738 - src.core.ibkr_connector - INFO - Placing stop order at $175.23
2025-08-04 22:07:21,738 - src.core.ibkr_connector - INFO - Stop order placed successfully
2025-08-04 22:07:21,739 - src.core.order_manager - INFO - Order placed successfully: NVDA, exit scheduled for 22:17:21
2025-08-04 22:07:21,739 - src.core.risk_manager - INFO - Added position: NVDA - 16 shares @ $177.0, exit at 22:17:21
2025-08-04 22:07:21,739 - __main__ - INFO - Daily stats - Trades: 2, Open: 2, Remaining: 28
2025-08-04 22:07:28,819 - src.core.ibkr_connector - INFO - Position data refreshed
2025-08-04 22:07:39,938 - src.core.ibkr_connector - INFO - Position data refreshed
2025-08-04 22:07:51,073 - src.core.ibkr_connector - INFO - Position data refreshed
2025-08-04 22:08:02,193 - src.core.ibkr_connector - INFO - Position data refreshed
2025-08-04 22:08:13,341 - src.core.ibkr_connector - INFO - Position data refreshed
2025-08-04 22:08:24,475 - src.core.ibkr_connector - INFO - Position data refreshed
2025-08-04 22:08:35,604 - src.core.ibkr_connector - INFO - Position data refreshed
2025-08-04 22:08:46,862 - src.core.ibkr_connector - INFO - Position data refreshed
2025-08-04 22:08:57,974 - src.core.ibkr_connector - INFO - Position data refreshed
2025-08-04 22:09:09,096 - src.core.ibkr_connector - INFO - Position data refreshed
2025-08-04 22:09:20,260 - src.core.ibkr_connector - INFO - Position data refreshed
2025-08-04 22:09:31,419 - src.core.ibkr_connector - INFO - Position data refreshed
2025-08-04 22:09:42,552 - src.core.ibkr_connector - INFO - Position data refreshed
2025-08-04 22:09:53,710 - src.core.ibkr_connector - INFO - Position data refreshed
2025-08-04 22:10:04,846 - src.core.ibkr_connector - INFO - Position data refreshed
2025-08-04 22:10:15,987 - src.core.ibkr_connector - INFO - Position data refreshed
2025-08-04 22:10:27,123 - src.core.ibkr_connector - INFO - Position data refreshed
2025-08-04 22:10:38,255 - src.core.ibkr_connector - INFO - Position data refreshed
2025-08-04 22:10:49,374 - src.core.ibkr_connector - INFO - Position data refreshed
2025-08-04 22:11:00,475 - src.core.ibkr_connector - INFO - Position data refreshed
2025-08-04 22:11:11,602 - src.core.ibkr_connector - INFO - Position data refreshed
2025-08-04 22:11:22,745 - src.core.ibkr_connector - INFO - Position data refreshed
2025-08-04 22:11:33,877 - src.core.ibkr_connector - INFO - Position data refreshed
2025-08-04 22:11:45,001 - src.core.ibkr_connector - INFO - Position data refreshed
2025-08-04 22:11:56,141 - src.core.ibkr_connector - INFO - Position data refreshed
2025-08-04 22:12:07,286 - src.core.ibkr_connector - INFO - Position data refreshed
2025-08-04 22:12:18,428 - src.core.ibkr_connector - INFO - Position data refreshed
2025-08-04 22:12:29,539 - src.core.ibkr_connector - INFO - Position data refreshed
2025-08-04 22:12:40,667 - src.core.ibkr_connector - INFO - Position data refreshed
2025-08-04 22:12:51,825 - src.core.ibkr_connector - INFO - Position data refreshed
2025-08-04 22:13:02,944 - src.core.ibkr_connector - INFO - Position data refreshed
2025-08-04 22:13:14,068 - src.core.ibkr_connector - INFO - Position data refreshed
2025-08-04 22:13:25,178 - src.core.ibkr_connector - INFO - Position data refreshed
2025-08-04 22:13:36,320 - src.core.ibkr_connector - INFO - Position data refreshed
2025-08-04 22:13:47,455 - src.core.ibkr_connector - INFO - Position data refreshed
2025-08-04 22:13:58,567 - src.core.ibkr_connector - INFO - Position data refreshed
2025-08-04 22:14:09,704 - src.core.ibkr_connector - INFO - Position data refreshed
2025-08-04 22:14:20,835 - src.core.ibkr_connector - INFO - Position data refreshed
2025-08-04 22:14:32,028 - src.core.ibkr_connector - INFO - Position data refreshed
2025-08-04 22:14:43,149 - src.core.ibkr_connector - INFO - Position data refreshed
2025-08-04 22:14:54,272 - src.core.ibkr_connector - INFO - Position data refreshed
2025-08-04 22:15:05,392 - src.core.ibkr_connector - INFO - Position data refreshed
2025-08-04 22:15:16,519 - src.core.ibkr_connector - INFO - Position data refreshed
2025-08-04 22:15:27,642 - src.core.ibkr_connector - INFO - Position data refreshed
2025-08-04 22:15:38,758 - src.core.ibkr_connector - INFO - Position data refreshed
2025-08-04 22:15:49,893 - src.core.ibkr_connector - INFO - Position data refreshed
2025-08-04 22:16:01,046 - src.core.ibkr_connector - INFO - Position data refreshed
2025-08-04 22:16:12,175 - src.core.ibkr_connector - INFO - Position data refreshed
2025-08-04 22:16:23,298 - src.core.ibkr_connector - INFO - Position data refreshed
2025-08-04 22:16:34,419 - src.core.ibkr_connector - INFO - Position data refreshed
2025-08-04 22:16:45,557 - src.core.ibkr_connector - INFO - Position data refreshed
2025-08-04 22:16:56,693 - src.core.ibkr_connector - INFO - Position data refreshed
2025-08-04 22:17:07,819 - src.core.ibkr_connector - INFO - Position data refreshed
2025-08-04 22:17:18,922 - src.core.ibkr_connector - INFO - Position data refreshed
2025-08-04 22:17:30,061 - src.core.ibkr_connector - INFO - Position data refreshed
2025-08-04 22:17:30,061 - src.core.order_manager - INFO - Time exit due for AAPL
2025-08-04 22:17:30,061 - src.core.order_manager - INFO - Time exit due for NVDA
2025-08-04 22:17:30,067 - src.core.order_manager - INFO - Checking IBKR for AAPL position...
2025-08-04 22:17:31,069 - src.core.ibkr_connector - INFO - Looking for position: AAPL
2025-08-04 22:17:31,070 - src.core.ibkr_connector - INFO - Current positions: [('AAPL', -14.0), ('NVDA', 16.0)]
2025-08-04 22:17:31,070 - src.core.ibkr_connector - INFO - Found position: AAPL - 14 shares
2025-08-04 22:17:31,070 - src.core.ibkr_connector - INFO - Cancelled stop order for AAPL
2025-08-04 22:17:31,570 - src.core.ibkr_connector - INFO - Placed close order for AAPL: 14 shares
2025-08-04 22:17:31,571 - src.core.ibkr_connector - ERROR - IB Error 202: Order Canceled - reason:
2025-08-04 22:17:31,988 - src.core.ibkr_connector - INFO - Position closed: AAPL at $203.92
2025-08-04 22:17:31,988 - src.core.order_manager - INFO - Time exit executed successfully for AAPL
2025-08-04 22:17:31,988 - src.core.risk_manager - INFO - Closed AAPL: TIME_EXIT_10MIN - P&L: $-136.14 (-4.54%)
2025-08-04 22:17:31,991 - src.core.order_manager - INFO - Checking IBKR for NVDA position...
2025-08-04 22:17:32,996 - src.core.ibkr_connector - INFO - Looking for position: NVDA
2025-08-04 22:17:32,996 - src.core.ibkr_connector - INFO - Current positions: [('AAPL', -28.0), ('NVDA', 16.0)]
2025-08-04 22:17:32,996 - src.core.ibkr_connector - INFO - Found position: NVDA - 16 shares
2025-08-04 22:17:32,997 - src.core.ibkr_connector - INFO - Cancelled stop order for NVDA
2025-08-04 22:17:33,512 - src.core.ibkr_connector - INFO - Placed close order for NVDA: 16 shares
2025-08-04 22:17:33,514 - src.core.ibkr_connector - ERROR - IB Error 202: Order Canceled - reason:
2025-08-04 22:17:33,943 - src.core.ibkr_connector - INFO - Position closed: NVDA at $178.91
2025-08-04 22:17:33,943 - src.core.order_manager - INFO - Time exit executed successfully for NVDA
2025-08-04 22:17:33,943 - src.core.risk_manager - INFO - Closed NVDA: TIME_EXIT_10MIN - P&L: $-2832.00 (-100.00%)
2025-08-04 22:17:45,070 - src.core.ibkr_connector - INFO - Position data refreshed
2025-08-04 22:17:56,212 - src.core.ibkr_connector - INFO - Position data refreshed
2025-08-04 22:18:07,335 - src.core.ibkr_connector - INFO - Position data refreshed
2025-08-04 22:18:18,464 - src.core.ibkr_connector - INFO - Position data refreshed
2025-08-04 22:18:29,603 - src.core.ibkr_connector - INFO - Position data refreshed
2025-08-04 22:18:40,719 - src.core.ibkr_connector - INFO - Position data refreshed
2025-08-04 22:18:51,850 - src.core.ibkr_connector - INFO - Position data refreshed
2025-08-04 22:19:02,960 - src.core.ibkr_connector - INFO - Position data refreshed
2025-08-04 22:19:14,112 - src.core.ibkr_connector - INFO - Position data refreshed
2025-08-04 22:19:25,234 - src.core.ibkr_connector - INFO - Position data refreshed
2025-08-04 22:19:36,386 - src.core.ibkr_connector - INFO - Position data refreshed
2025-08-04 22:19:47,493 - src.core.ibkr_connector - INFO - Position data refreshed
2025-08-04 22:19:58,619 - src.core.ibkr_connector - INFO - Position data refreshed
2025-08-04 22:20:09,759 - src.core.ibkr_connector - INFO - Position data refreshed
2025-08-04 22:20:20,888 - src.core.ibkr_connector - INFO - Position data refreshed
2025-08-04 22:20:32,011 - src.core.ibkr_connector - INFO - Position data refreshed
2025-08-04 22:20:43,134 - src.core.ibkr_connector - INFO - Position data refreshed
2025-08-04 22:20:54,231 - src.core.ibkr_connector - INFO - Position data refreshed
2025-08-04 22:21:05,334 - src.core.ibkr_connector - INFO - Position data refreshed
2025-08-04 22:21:16,449 - src.core.ibkr_connector - INFO - Position data refreshed
2025-08-04 22:21:27,580 - src.core.ibkr_connector - INFO - Position data refreshed
2025-08-04 22:21:38,695 - src.core.ibkr_connector - INFO - Position data refreshed
2025-08-04 22:21:49,834 - src.core.ibkr_connector - INFO - Position data refreshed
2025-08-04 22:22:00,959 - src.core.ibkr_connector - INFO - Position data refreshed
2025-08-04 22:22:12,092 - src.core.ibkr_connector - INFO - Position data refreshed
2025-08-04 22:22:23,210 - src.core.ibkr_connector - INFO - Position data refreshed
2025-08-04 22:22:34,304 - src.core.ibkr_connector - INFO - Position data refreshed
2025-08-04 22:22:45,443 - src.core.ibkr_connector - INFO - Position data refreshed
2025-08-04 22:22:56,581 - src.core.ibkr_connector - INFO - Position data refreshed
2025-08-04 22:23:07,687 - src.core.ibkr_connector - INFO - Position data refreshed
2025-08-04 22:23:18,781 - src.core.ibkr_connector - INFO - Position data refreshed
2025-08-04 22:23:29,904 - src.core.ibkr_connector - INFO - Position data refreshed
2025-08-04 22:23:41,019 - src.core.ibkr_connector - INFO - Position data refreshed
2025-08-04 22:23:52,148 - src.core.ibkr_connector - INFO - Position data refreshed
2025-08-04 22:24:03,256 - src.core.ibkr_connector - INFO - Position data refreshed
2025-08-04 22:24:08,463 - __main__ - INFO - Shutdown requested
2025-08-04 22:24:09,470 - src.core.ibkr_connector - INFO - Position data refreshed
2025-08-04 22:24:09,470 - __main__ - INFO - No open positions to close
2025-08-04 22:24:09,473 - src.core.ibkr_connector - INFO - Disconnected from IBKR
2025-08-04 22:26:12,368 - __main__ - INFO - ============================================================
2025-08-04 22:26:12,369 - __main__ - INFO - Holly AI to IBKR Bridge Starting
2025-08-04 22:26:12,369 - __main__ - INFO - ============================================================
2025-08-04 22:26:12,369 - __main__ - INFO - Initializing IBKR connector...
2025-08-04 22:26:12,369 - src.core.ibkr_connector - INFO - Connecting to IBKR...
2025-08-04 22:26:15,485 - src.core.ibkr_connector - INFO - Connected with account: DU024
2025-08-04 22:26:15,486 - __main__ - INFO - Getting account information...
2025-08-04 22:26:15,487 - __main__ - INFO - Account value: $100,021.20
2025-08-04 22:26:15,487 - __main__ - INFO - Initializing risk manager...
2025-08-04 22:26:15,488 - src.core.risk_manager - INFO - Risk Manager initialized: 3.0% positions, max 3 concurrent
2025-08-04 22:26:15,488 - __main__ - INFO - Initializing order manager...
2025-08-04 22:26:15,488 - __main__ - INFO - Initializing CSV parser...
2025-08-04 22:26:15,489 - __main__ - INFO - CSV Parser initialized for strategy: Breaking out on Volume
2025-08-04 22:26:15,489 - __main__ - INFO - All components initialized successfully
2025-08-04 22:26:15,489 - __main__ - INFO - Starting trading system...
2025-08-04 22:26:15,490 - __main__ - INFO - Switching to new file: data/alerts/alertlogging.Breaking out on Volume.20250804.csv
2025-08-04 22:26:15,493 - __main__ - INFO - Found 2 new alerts
2025-08-04 22:26:15,493 - src.core.risk_manager - INFO - Account value updated: $100,021.20
2025-08-04 22:26:15,493 - src.core.risk_manager - INFO - Position size: $3000.64 (3.0% of $100021.2)
2025-08-04 22:26:15,493 - src.core.risk_manager - INFO - Shares to buy: 14 at $214.2
2025-08-04 22:26:15,494 - src.core.order_manager - INFO - Placing order: AAPL - 14 shares @ $214.2, stop @ $212.058
2025-08-04 22:26:15,583 - src.core.ibkr_connector - INFO - Placing market order for AAPL: 14 shares
2025-08-04 22:26:17,699 - src.core.ibkr_connector - INFO - Market order filled at $204.0
2025-08-04 22:26:17,700 - src.core.ibkr_connector - INFO - Placing stop order at $212.06
2025-08-04 22:26:17,700 - src.core.ibkr_connector - INFO - Stop order placed successfully
2025-08-04 22:26:17,701 - src.core.order_manager - INFO - Order placed successfully: AAPL, exit scheduled for 22:36:17
2025-08-04 22:26:17,701 - src.core.risk_manager - INFO - Added position: AAPL - 14 shares @ $214.2, exit at 22:36:17
2025-08-04 22:26:17,701 - __main__ - INFO - Daily stats - Trades: 1, Open: 1, Remaining: 29
2025-08-04 22:26:17,701 - src.core.risk_manager - INFO - Account value updated: $100,019.64
2025-08-04 22:26:17,701 - src.core.risk_manager - INFO - Position size: $3000.59 (3.0% of $100019.64)
2025-08-04 22:26:17,701 - src.core.risk_manager - INFO - Shares to buy: 16 at $177.0
2025-08-04 22:26:17,702 - src.core.order_manager - INFO - Placing order: NVDA - 16 shares @ $177.0, stop @ $175.23
2025-08-04 22:26:17,769 - src.core.ibkr_connector - INFO - Placing market order for NVDA: 16 shares
2025-08-04 22:26:19,891 - src.core.ibkr_connector - INFO - Market order filled at $178.72
2025-08-04 22:26:19,891 - src.core.ibkr_connector - INFO - Placing stop order at $175.23
2025-08-04 22:26:19,891 - src.core.ibkr_connector - INFO - Stop order placed successfully
2025-08-04 22:26:19,892 - src.core.order_manager - INFO - Order placed successfully: NVDA, exit scheduled for 22:36:19
2025-08-04 22:26:19,892 - src.core.risk_manager - INFO - Added position: NVDA - 16 shares @ $177.0, exit at 22:36:19
2025-08-04 22:26:19,892 - __main__ - INFO - Daily stats - Trades: 2, Open: 2, Remaining: 28
2025-08-04 22:26:26,973 - src.core.ibkr_connector - INFO - Position data refreshed
2025-08-04 22:26:38,093 - src.core.ibkr_connector - INFO - Position data refreshed
2025-08-04 22:26:49,234 - src.core.ibkr_connector - INFO - Position data refreshed
2025-08-04 22:27:00,372 - src.core.ibkr_connector - INFO - Position data refreshed
2025-08-04 22:27:11,497 - src.core.ibkr_connector - INFO - Position data refreshed
2025-08-04 22:27:22,614 - src.core.ibkr_connector - INFO - Position data refreshed
2025-08-04 22:27:33,729 - src.core.ibkr_connector - INFO - Position data refreshed
2025-08-04 22:27:44,851 - src.core.ibkr_connector - INFO - Position data refreshed
2025-08-04 22:27:55,965 - src.core.ibkr_connector - INFO - Position data refreshed
2025-08-04 22:27:59,005 - __main__ - INFO - Shutdown requested
2025-08-04 22:27:59,006 - __main__ - INFO - Initiating graceful shutdown...
2025-08-04 22:28:00,008 - src.core.ibkr_connector - INFO - Position data refreshed
2025-08-04 22:28:00,008 - __main__ - INFO - Closing 2 open positions...
2025-08-04 22:28:00,009 - __main__ - INFO - Closing position on shutdown: AAPL
2025-08-04 22:28:00,009 - src.core.order_manager - INFO - Checking IBKR for AAPL position...
2025-08-04 22:28:01,020 - src.core.ibkr_connector - INFO - Looking for position: AAPL
2025-08-04 22:28:01,020 - src.core.ibkr_connector - INFO - Current positions: [('AAPL', -14.0), ('NVDA', 16.0)]
2025-08-04 22:28:01,021 - src.core.ibkr_connector - INFO - Found position: AAPL - 14 shares
2025-08-04 22:28:01,021 - src.core.ibkr_connector - INFO - Cancelled stop order for AAPL
2025-08-04 22:28:01,533 - src.core.ibkr_connector - INFO - Placed close order for AAPL: 14 shares
2025-08-04 22:28:01,534 - src.core.ibkr_connector - ERROR - IB Error 202: Order Canceled - reason:
2025-08-04 22:28:01,985 - src.core.ibkr_connector - INFO - Position closed: AAPL at $204.18
2025-08-04 22:28:01,986 - src.core.order_manager - INFO - Time exit executed successfully for AAPL
2025-08-04 22:28:01,986 - __main__ - INFO - Successfully closed AAPL
2025-08-04 22:28:01,986 - __main__ - INFO - Closing position on shutdown: NVDA
2025-08-04 22:28:01,986 - src.core.order_manager - INFO - Checking IBKR for NVDA position...
2025-08-04 22:28:02,997 - src.core.ibkr_connector - INFO - Looking for position: NVDA
2025-08-04 22:28:02,998 - src.core.ibkr_connector - INFO - Current positions: [('AAPL', -28.0), ('NVDA', 16.0)]
2025-08-04 22:28:02,998 - src.core.ibkr_connector - INFO - Found position: NVDA - 16 shares
2025-08-04 22:28:02,999 - src.core.ibkr_connector - INFO - Cancelled stop order for NVDA
2025-08-04 22:28:03,509 - src.core.ibkr_connector - INFO - Placed close order for NVDA: 16 shares
2025-08-04 22:28:03,510 - src.core.ibkr_connector - ERROR - IB Error 202: Order Canceled - reason:
2025-08-04 22:28:05,028 - src.core.ibkr_connector - INFO - Position closed: NVDA at $178.79
2025-08-04 22:28:05,028 - src.core.order_manager - INFO - Time exit executed successfully for NVDA
2025-08-04 22:28:05,028 - __main__ - INFO - Successfully closed NVDA
2025-08-04 22:28:05,028 - __main__ - WARNING - Remaining positions after shutdown: [('AAPL', -28.0)]
2025-08-04 22:28:05,028 - src.core.ibkr_connector - INFO - Disconnected from IBKR
2025-08-04 22:28:05,029 - __main__ - INFO - Shutdown complete
2025-08-04 22:32:52,922 - __main__ - INFO - ============================================================
2025-08-04 22:32:52,922 - __main__ - INFO - Holly AI to IBKR Bridge Starting
2025-08-04 22:32:52,922 - __main__ - INFO - ============================================================
2025-08-04 22:32:52,922 - __main__ - INFO - Initializing IBKR connector...
2025-08-04 22:32:52,923 - src.core.ibkr_connector - INFO - Connecting to IBKR...
2025-08-04 22:32:56,049 - src.core.ibkr_connector - INFO - Connected with account: DU024
2025-08-04 22:32:56,050 - __main__ - INFO - Getting account information...
2025-08-04 22:32:56,050 - __main__ - INFO - Account value: $100,014.95
2025-08-04 22:32:56,050 - __main__ - INFO - Initializing risk manager...
2025-08-04 22:32:56,051 - src.core.risk_manager - INFO - Risk Manager initialized: 3.0% positions, max 3 concurrent
2025-08-04 22:32:56,051 - __main__ - INFO - Initializing order manager...
2025-08-04 22:32:56,051 - __main__ - INFO - Initializing CSV parser...
2025-08-04 22:32:56,052 - __main__ - INFO - CSV Parser initialized for strategy: Breaking out on Volume
2025-08-04 22:32:56,052 - __main__ - INFO - Loaded 0 previously processed alerts
2025-08-04 22:32:56,053 - __main__ - INFO - All components initialized successfully
2025-08-04 22:32:56,053 - __main__ - INFO - Starting trading system...
2025-08-04 22:32:56,053 - __main__ - INFO - Switching to new file: data/alerts/alertlogging.Breaking out on Volume.20250804.csv
2025-08-04 22:32:56,057 - __main__ - INFO - Found 2 new alerts (skipped 2 already processed)
2025-08-04 22:32:56,057 - src.core.risk_manager - INFO - Account value updated: $100,014.95
2025-08-04 22:32:56,058 - src.core.risk_manager - INFO - Position size: $3000.45 (3.0% of $100014.95)
2025-08-04 22:32:56,058 - src.core.risk_manager - INFO - Shares to buy: 14 at $214.2
2025-08-04 22:32:56,058 - src.core.order_manager - INFO - Placing order: AAPL - 14 shares @ $214.2, stop @ $212.058
2025-08-04 22:32:56,135 - src.core.ibkr_connector - INFO - Placing market order for AAPL: 14 shares
2025-08-04 22:32:58,257 - src.core.ibkr_connector - INFO - Market order filled at $204.19
2025-08-04 22:32:58,257 - src.core.ibkr_connector - INFO - Placing stop order at $212.06
2025-08-04 22:32:58,258 - src.core.ibkr_connector - INFO - Stop order placed successfully
2025-08-04 22:32:58,258 - src.core.order_manager - INFO - Order placed successfully: AAPL, exit scheduled for 22:42:58
2025-08-04 22:32:58,258 - src.core.risk_manager - INFO - Added position: AAPL - 14 shares @ $214.2, exit at 22:42:58
2025-08-04 22:32:58,259 - __main__ - INFO - Daily stats - Trades: 1, Open: 1, Remaining: 29
2025-08-04 22:32:58,259 - src.core.risk_manager - INFO - Account value updated: $100,013.95
2025-08-04 22:32:58,259 - src.core.risk_manager - INFO - Position size: $3000.42 (3.0% of $100013.95)
2025-08-04 22:32:58,259 - src.core.risk_manager - INFO - Shares to buy: 16 at $177.0
2025-08-04 22:32:58,260 - src.core.order_manager - INFO - Placing order: NVDA - 16 shares @ $177.0, stop @ $175.23
2025-08-04 22:32:58,332 - src.core.ibkr_connector - INFO - Placing market order for NVDA: 16 shares
2025-08-04 22:33:00,438 - src.core.ibkr_connector - INFO - Market order filled at $178.94
2025-08-04 22:33:00,438 - src.core.ibkr_connector - INFO - Placing stop order at $175.23
2025-08-04 22:33:00,439 - src.core.ibkr_connector - INFO - Stop order placed successfully
2025-08-04 22:33:00,439 - src.core.order_manager - INFO - Order placed successfully: NVDA, exit scheduled for 22:43:00
2025-08-04 22:33:00,439 - src.core.risk_manager - INFO - Added position: NVDA - 16 shares @ $177.0, exit at 22:43:00
2025-08-04 22:33:00,439 - __main__ - INFO - Daily stats - Trades: 2, Open: 2, Remaining: 28
2025-08-04 22:33:07,512 - src.core.ibkr_connector - INFO - Position data refreshed
2025-08-04 22:33:18,637 - src.core.ibkr_connector - INFO - Position data refreshed
2025-08-04 22:33:21,129 - __main__ - INFO - Shutdown requested
2025-08-04 22:33:21,129 - __main__ - INFO - Initiating graceful shutdown...
2025-08-04 22:33:22,141 - src.core.ibkr_connector - INFO - Position data refreshed
2025-08-04 22:33:22,141 - __main__ - INFO - Closing 2 open positions...
2025-08-04 22:33:22,141 - __main__ - INFO - Closing position on shutdown: AAPL
2025-08-04 22:33:22,141 - src.core.order_manager - INFO - Checking IBKR for AAPL position...
2025-08-04 22:33:23,145 - src.core.ibkr_connector - INFO - Looking for position: AAPL
2025-08-04 22:33:23,146 - src.core.ibkr_connector - INFO - Current positions: [('AAPL', -14.0), ('NVDA', 16.0)]
2025-08-04 22:33:23,146 - src.core.ibkr_connector - INFO - Found position: AAPL - 14 shares
2025-08-04 22:33:23,147 - src.core.ibkr_connector - INFO - Cancelled stop order for AAPL
2025-08-04 22:33:23,661 - src.core.ibkr_connector - INFO - Placed close order for AAPL: 14 shares
2025-08-04 22:33:23,665 - src.core.ibkr_connector - ERROR - IB Error 202: Order Canceled - reason:
2025-08-04 22:33:23,971 - src.core.ibkr_connector - INFO - Position closed: AAPL at $204.06
2025-08-04 22:33:23,972 - src.core.order_manager - INFO - Time exit executed successfully for AAPL
2025-08-04 22:33:23,972 - __main__ - INFO - Successfully closed AAPL
2025-08-04 22:33:23,972 - __main__ - INFO - Closing position on shutdown: NVDA
2025-08-04 22:33:23,972 - src.core.order_manager - INFO - Checking IBKR for NVDA position...
2025-08-04 22:33:24,977 - src.core.ibkr_connector - INFO - Looking for position: NVDA
2025-08-04 22:33:24,977 - src.core.ibkr_connector - INFO - Current positions: [('AAPL', -28.0), ('NVDA', 16.0)]
2025-08-04 22:33:24,977 - src.core.ibkr_connector - INFO - Found position: NVDA - 16 shares
2025-08-04 22:33:24,977 - src.core.ibkr_connector - INFO - Cancelled stop order for NVDA
2025-08-04 22:33:25,489 - src.core.ibkr_connector - INFO - Placed close order for NVDA: 16 shares
2025-08-04 22:33:25,491 - src.core.ibkr_connector - ERROR - IB Error 202: Order Canceled - reason:
2025-08-04 22:33:25,927 - src.core.ibkr_connector - INFO - Position closed: NVDA at $178.91
2025-08-04 22:33:25,927 - src.core.order_manager - INFO - Time exit executed successfully for NVDA
2025-08-04 22:33:25,927 - __main__ - INFO - Successfully closed NVDA
2025-08-04 22:33:25,927 - __main__ - WARNING - Remaining positions after shutdown: [('AAPL', -28.0)]
2025-08-04 22:33:25,928 - src.core.ibkr_connector - INFO - Disconnected from IBKR
2025-08-04 22:33:25,928 - __main__ - INFO - Shutdown complete
2025-08-04 22:33:28,845 - __main__ - INFO - ============================================================
2025-08-04 22:33:28,845 - __main__ - INFO - Holly AI to IBKR Bridge Starting
2025-08-04 22:33:28,845 - __main__ - INFO - ============================================================
2025-08-04 22:33:28,845 - __main__ - INFO - Initializing IBKR connector...
2025-08-04 22:33:28,846 - src.core.ibkr_connector - INFO - Connecting to IBKR...
2025-08-04 22:33:32,258 - src.core.ibkr_connector - INFO - Connected with account: DU024
2025-08-04 22:33:32,258 - __main__ - INFO - Getting account information...
2025-08-04 22:33:32,258 - __main__ - INFO - Account value: $100,012.28
2025-08-04 22:33:32,258 - __main__ - INFO - Initializing risk manager...
2025-08-04 22:33:32,258 - src.core.risk_manager - INFO - Risk Manager initialized: 3.0% positions, max 3 concurrent
2025-08-04 22:33:32,258 - __main__ - INFO - Initializing order manager...
2025-08-04 22:33:32,258 - __main__ - INFO - Initializing CSV parser...
2025-08-04 22:33:32,259 - __main__ - INFO - CSV Parser initialized for strategy: Breaking out on Volume
2025-08-04 22:33:32,260 - __main__ - INFO - Loaded 1 previously processed alerts
2025-08-04 22:33:32,260 - __main__ - INFO - Processed alerts by date: {'2025-08-04': 2, 'total': 2}
2025-08-04 22:33:32,260 - __main__ - INFO - All components initialized successfully
2025-08-04 22:33:32,260 - __main__ - INFO - Starting trading system...
2025-08-04 22:33:32,260 - __main__ - INFO - Switching to new file: data/alerts/alertlogging.Breaking out on Volume.20250804.csv
2025-08-04 22:33:43,369 - src.core.ibkr_connector - INFO - Position data refreshed
2025-08-04 22:33:54,476 - src.core.ibkr_connector - INFO - Position data refreshed
2025-08-04 22:34:02,706 - __main__ - INFO - Shutdown requested
2025-08-04 22:34:02,706 - __main__ - INFO - Initiating graceful shutdown...
2025-08-04 22:34:03,710 - src.core.ibkr_connector - INFO - Position data refreshed
2025-08-04 22:34:03,710 - __main__ - INFO - No open positions to close
2025-08-04 22:34:03,711 - __main__ - WARNING - Remaining positions after shutdown: [('AAPL', -28.0)]
2025-08-04 22:34:03,711 - src.core.ibkr_connector - INFO - Disconnected from IBKR
2025-08-04 22:34:03,711 - __main__ - INFO - Shutdown complete
